[2024-11-13T00:06:38.236+0000] {processor.py:186} INFO - Started process (PID=7679) to work on /opt/airflow/dags/example_dag.py
[2024-11-13T00:06:38.237+0000] {processor.py:914} INFO - Processing file /opt/airflow/dags/example_dag.py for tasks to queue
[2024-11-13T00:06:38.241+0000] {logging_mixin.py:190} INFO - [2024-11-13T00:06:38.241+0000] {dagbag.py:588} INFO - Filling up the DagBag from /opt/airflow/dags/example_dag.py
[2024-11-13T00:06:38.276+0000] {processor.py:925} INFO - DAG(s) 'exemplo_dag' retrieved from /opt/airflow/dags/example_dag.py
[2024-11-13T00:06:38.407+0000] {logging_mixin.py:190} INFO - [2024-11-13T00:06:38.407+0000] {dag.py:3239} INFO - Sync 1 DAGs
[2024-11-13T00:06:52.313+0000] {logging_mixin.py:190} INFO - [2024-11-13T00:06:52.313+0000] {dag.py:4180} INFO - Setting next_dagrun for exemplo_dag to 2024-11-13 00:00:00+00:00, run_after=2024-11-14 00:00:00+00:00
[2024-11-13T00:06:52.509+0000] {processor.py:208} INFO - Processing /opt/airflow/dags/example_dag.py took 14.284 seconds
[2024-11-13T00:07:23.154+0000] {processor.py:186} INFO - Started process (PID=7694) to work on /opt/airflow/dags/example_dag.py
[2024-11-13T00:07:23.173+0000] {processor.py:914} INFO - Processing file /opt/airflow/dags/example_dag.py for tasks to queue
[2024-11-13T00:07:23.177+0000] {logging_mixin.py:190} INFO - [2024-11-13T00:07:23.176+0000] {dagbag.py:588} INFO - Filling up the DagBag from /opt/airflow/dags/example_dag.py
[2024-11-13T00:07:23.191+0000] {processor.py:925} INFO - DAG(s) 'exemplo_dag' retrieved from /opt/airflow/dags/example_dag.py
[2024-11-13T00:07:23.227+0000] {logging_mixin.py:190} INFO - [2024-11-13T00:07:23.227+0000] {dag.py:3239} INFO - Sync 1 DAGs
[2024-11-13T00:07:23.288+0000] {logging_mixin.py:190} INFO - [2024-11-13T00:07:23.288+0000] {dag.py:4180} INFO - Setting next_dagrun for exemplo_dag to 2024-11-13 00:00:00+00:00, run_after=2024-11-14 00:00:00+00:00
[2024-11-13T00:07:23.331+0000] {processor.py:208} INFO - Processing /opt/airflow/dags/example_dag.py took 0.198 seconds
[2024-11-13T00:07:53.620+0000] {processor.py:186} INFO - Started process (PID=7702) to work on /opt/airflow/dags/example_dag.py
[2024-11-13T00:07:53.621+0000] {processor.py:914} INFO - Processing file /opt/airflow/dags/example_dag.py for tasks to queue
[2024-11-13T00:07:53.624+0000] {logging_mixin.py:190} INFO - [2024-11-13T00:07:53.624+0000] {dagbag.py:588} INFO - Filling up the DagBag from /opt/airflow/dags/example_dag.py
[2024-11-13T00:07:53.636+0000] {processor.py:925} INFO - DAG(s) 'exemplo_dag' retrieved from /opt/airflow/dags/example_dag.py
[2024-11-13T00:07:53.669+0000] {logging_mixin.py:190} INFO - [2024-11-13T00:07:53.669+0000] {dag.py:3239} INFO - Sync 1 DAGs
[2024-11-13T00:07:53.703+0000] {logging_mixin.py:190} INFO - [2024-11-13T00:07:53.703+0000] {dag.py:4180} INFO - Setting next_dagrun for exemplo_dag to 2024-11-13 00:00:00+00:00, run_after=2024-11-14 00:00:00+00:00
[2024-11-13T00:07:53.739+0000] {processor.py:208} INFO - Processing /opt/airflow/dags/example_dag.py took 0.128 seconds
[2024-11-13T00:08:24.017+0000] {processor.py:186} INFO - Started process (PID=7710) to work on /opt/airflow/dags/example_dag.py
[2024-11-13T00:08:24.046+0000] {processor.py:914} INFO - Processing file /opt/airflow/dags/example_dag.py for tasks to queue
[2024-11-13T00:08:24.049+0000] {logging_mixin.py:190} INFO - [2024-11-13T00:08:24.049+0000] {dagbag.py:588} INFO - Filling up the DagBag from /opt/airflow/dags/example_dag.py
[2024-11-13T00:08:24.062+0000] {processor.py:925} INFO - DAG(s) 'exemplo_dag' retrieved from /opt/airflow/dags/example_dag.py
[2024-11-13T00:08:24.096+0000] {logging_mixin.py:190} INFO - [2024-11-13T00:08:24.096+0000] {dag.py:3239} INFO - Sync 1 DAGs
[2024-11-13T00:08:24.128+0000] {logging_mixin.py:190} INFO - [2024-11-13T00:08:24.128+0000] {dag.py:4180} INFO - Setting next_dagrun for exemplo_dag to 2024-11-13 00:00:00+00:00, run_after=2024-11-14 00:00:00+00:00
[2024-11-13T00:08:24.168+0000] {processor.py:208} INFO - Processing /opt/airflow/dags/example_dag.py took 0.158 seconds
[2024-11-13T00:08:54.434+0000] {processor.py:186} INFO - Started process (PID=7718) to work on /opt/airflow/dags/example_dag.py
[2024-11-13T00:08:54.435+0000] {processor.py:914} INFO - Processing file /opt/airflow/dags/example_dag.py for tasks to queue
[2024-11-13T00:08:54.438+0000] {logging_mixin.py:190} INFO - [2024-11-13T00:08:54.438+0000] {dagbag.py:588} INFO - Filling up the DagBag from /opt/airflow/dags/example_dag.py
[2024-11-13T00:08:54.453+0000] {processor.py:925} INFO - DAG(s) 'exemplo_dag' retrieved from /opt/airflow/dags/example_dag.py
[2024-11-13T00:08:54.494+0000] {logging_mixin.py:190} INFO - [2024-11-13T00:08:54.494+0000] {dag.py:3239} INFO - Sync 1 DAGs
[2024-11-13T00:08:54.561+0000] {logging_mixin.py:190} INFO - [2024-11-13T00:08:54.560+0000] {dag.py:4180} INFO - Setting next_dagrun for exemplo_dag to 2024-11-13 00:00:00+00:00, run_after=2024-11-14 00:00:00+00:00
[2024-11-13T00:08:54.600+0000] {processor.py:208} INFO - Processing /opt/airflow/dags/example_dag.py took 0.176 seconds
[2024-11-13T00:09:24.844+0000] {processor.py:186} INFO - Started process (PID=7725) to work on /opt/airflow/dags/example_dag.py
[2024-11-13T00:09:24.864+0000] {processor.py:914} INFO - Processing file /opt/airflow/dags/example_dag.py for tasks to queue
[2024-11-13T00:09:24.867+0000] {logging_mixin.py:190} INFO - [2024-11-13T00:09:24.867+0000] {dagbag.py:588} INFO - Filling up the DagBag from /opt/airflow/dags/example_dag.py
[2024-11-13T00:09:24.881+0000] {processor.py:925} INFO - DAG(s) 'exemplo_dag' retrieved from /opt/airflow/dags/example_dag.py
[2024-11-13T00:09:24.913+0000] {logging_mixin.py:190} INFO - [2024-11-13T00:09:24.913+0000] {dag.py:3239} INFO - Sync 1 DAGs
[2024-11-13T00:09:24.955+0000] {logging_mixin.py:190} INFO - [2024-11-13T00:09:24.955+0000] {dag.py:4180} INFO - Setting next_dagrun for exemplo_dag to 2024-11-13 00:00:00+00:00, run_after=2024-11-14 00:00:00+00:00
[2024-11-13T00:09:25.007+0000] {processor.py:208} INFO - Processing /opt/airflow/dags/example_dag.py took 0.172 seconds
[2024-11-13T00:09:55.270+0000] {processor.py:186} INFO - Started process (PID=7733) to work on /opt/airflow/dags/example_dag.py
[2024-11-13T00:09:55.271+0000] {processor.py:914} INFO - Processing file /opt/airflow/dags/example_dag.py for tasks to queue
[2024-11-13T00:09:55.274+0000] {logging_mixin.py:190} INFO - [2024-11-13T00:09:55.273+0000] {dagbag.py:588} INFO - Filling up the DagBag from /opt/airflow/dags/example_dag.py
[2024-11-13T00:09:55.292+0000] {processor.py:925} INFO - DAG(s) 'exemplo_dag' retrieved from /opt/airflow/dags/example_dag.py
[2024-11-13T00:09:55.380+0000] {logging_mixin.py:190} INFO - [2024-11-13T00:09:55.380+0000] {dag.py:3239} INFO - Sync 1 DAGs
[2024-11-13T00:09:55.473+0000] {logging_mixin.py:190} INFO - [2024-11-13T00:09:55.472+0000] {dag.py:4180} INFO - Setting next_dagrun for exemplo_dag to 2024-11-13 00:00:00+00:00, run_after=2024-11-14 00:00:00+00:00
[2024-11-13T00:09:55.654+0000] {processor.py:208} INFO - Processing /opt/airflow/dags/example_dag.py took 0.405 seconds
[2024-11-13T00:10:25.954+0000] {processor.py:186} INFO - Started process (PID=7741) to work on /opt/airflow/dags/example_dag.py
[2024-11-13T00:10:25.969+0000] {processor.py:914} INFO - Processing file /opt/airflow/dags/example_dag.py for tasks to queue
[2024-11-13T00:10:25.972+0000] {logging_mixin.py:190} INFO - [2024-11-13T00:10:25.971+0000] {dagbag.py:588} INFO - Filling up the DagBag from /opt/airflow/dags/example_dag.py
[2024-11-13T00:10:25.985+0000] {processor.py:925} INFO - DAG(s) 'exemplo_dag' retrieved from /opt/airflow/dags/example_dag.py
[2024-11-13T00:10:26.019+0000] {logging_mixin.py:190} INFO - [2024-11-13T00:10:26.019+0000] {dag.py:3239} INFO - Sync 1 DAGs
[2024-11-13T00:10:26.055+0000] {logging_mixin.py:190} INFO - [2024-11-13T00:10:26.054+0000] {dag.py:4180} INFO - Setting next_dagrun for exemplo_dag to 2024-11-13 00:00:00+00:00, run_after=2024-11-14 00:00:00+00:00
[2024-11-13T00:10:26.091+0000] {processor.py:208} INFO - Processing /opt/airflow/dags/example_dag.py took 0.146 seconds
